<?xml version="1.0" encoding="UTF-8"?>
<coverage generated="1774566405651" clover="3.2.0">
  <project timestamp="1774566405653" name="All files">
    <metrics statements="184" coveredstatements="184" conditionals="117" coveredconditionals="115" methods="52" coveredmethods="52" elements="353" coveredelements="351" complexity="0" loc="184" ncloc="184" packages="5" files="11" classes="11"/>
    <package name="components">
      <metrics statements="19" coveredstatements="19" conditionals="15" coveredconditionals="15" methods="9" coveredmethods="9"/>
      <file name="CircularProgress.tsx" path="/mnt/c/Users/angel/Desktop/studi/universita/appunti/III anno/ingegneria del software/progetto/CodeGuardian/frontend/src/components/CircularProgress.tsx">
        <metrics statements="6" coveredstatements="6" conditionals="5" coveredconditionals="5" methods="2" coveredmethods="2"/>
        <line num="3" count="2" type="stmt"/>
        <line num="4" count="13" type="cond" truecount="2" falsecount="0"/>
        <line num="5" count="10" type="cond" truecount="2" falsecount="0"/>
        <line num="6" count="3" type="stmt"/>
        <line num="9" count="2" type="cond" truecount="1" falsecount="0"/>
        <line num="11" count="13" type="stmt"/>
      </file>
      <file name="RemediationCard.tsx" path="/mnt/c/Users/angel/Desktop/studi/universita/appunti/III anno/ingegneria del software/progetto/CodeGuardian/frontend/src/components/RemediationCard.tsx">
        <metrics statements="13" coveredstatements="13" conditionals="10" coveredconditionals="10" methods="7" coveredmethods="7"/>
        <line num="9" count="21" type="stmt"/>
        <line num="14" count="2" type="stmt"/>
        <line num="15" count="5" type="stmt"/>
        <line num="16" count="5" type="stmt"/>
        <line num="19" count="21" type="stmt"/>
        <line num="25" count="2" type="stmt"/>
        <line num="26" count="21" type="stmt"/>
        <line num="27" count="41" type="stmt"/>
        <line num="29" count="21" type="stmt"/>
        <line num="30" count="25" type="stmt"/>
        <line num="33" count="21" type="stmt"/>
        <line num="36" count="2" type="stmt"/>
        <line num="38" count="6" type="stmt"/>
      </file>
    </package>
    <package name="pages">
      <metrics statements="118" coveredstatements="118" conditionals="84" coveredconditionals="82" methods="29" coveredmethods="29"/>
      <file name="AddRepository.tsx" path="/mnt/c/Users/angel/Desktop/studi/universita/appunti/III anno/ingegneria del software/progetto/CodeGuardian/frontend/src/pages/AddRepository.tsx">
        <metrics statements="21" coveredstatements="21" conditionals="21" coveredconditionals="21" methods="4" coveredmethods="4"/>
        <line num="6" count="1" type="stmt"/>
        <line num="7" count="41" type="stmt"/>
        <line num="14" count="41" type="stmt"/>
        <line num="15" count="41" type="stmt"/>
        <line num="16" count="41" type="stmt"/>
        <line num="17" count="41" type="stmt"/>
        <line num="18" count="41" type="stmt"/>
        <line num="19" count="41" type="stmt"/>
        <line num="21" count="41" type="stmt"/>
        <line num="22" count="3" type="stmt"/>
        <line num="23" count="3" type="stmt"/>
        <line num="25" count="3" type="stmt"/>
        <line num="26" count="3" type="stmt"/>
        <line num="27" count="3" type="cond" truecount="2" falsecount="0"/>
        <line num="28" count="2" type="stmt"/>
        <line num="29" count="2" type="cond" truecount="2" falsecount="0"/>
        <line num="30" count="1" type="stmt"/>
        <line num="32" count="1" type="stmt"/>
        <line num="35" count="3" type="stmt"/>
        <line num="38" count="41" type="stmt"/>
        <line num="45" count="31" type="cond" truecount="2" falsecount="0"/>
      </file>
      <file name="DettagliRepo.tsx" path="/mnt/c/Users/angel/Desktop/studi/universita/appunti/III anno/ingegneria del software/progetto/CodeGuardian/frontend/src/pages/DettagliRepo.tsx">
        <metrics statements="27" coveredstatements="27" conditionals="14" coveredconditionals="14" methods="10" coveredmethods="10"/>
        <line num="15" count="1" type="stmt"/>
        <line num="16" count="6" type="stmt"/>
        <line num="19" count="2" type="stmt"/>
        <line num="27" count="1" type="stmt"/>
        <line num="28" count="2" type="stmt"/>
        <line num="40" count="8" type="stmt"/>
        <line num="41" count="8" type="stmt"/>
        <line num="42" count="8" type="stmt"/>
        <line num="43" count="8" type="stmt"/>
        <line num="44" count="8" type="stmt"/>
        <line num="46" count="8" type="stmt"/>
        <line num="47" count="2" type="stmt"/>
        <line num="48" count="2" type="stmt"/>
        <line num="49" count="2" type="stmt"/>
        <line num="52" count="8" type="stmt"/>
        <line num="53" count="5" type="cond" truecount="2" falsecount="0"/>
        <line num="55" count="4" type="stmt"/>
        <line num="56" count="4" type="stmt"/>
        <line num="57" count="4" type="stmt"/>
        <line num="58" count="3" type="cond" truecount="2" falsecount="0"/>
        <line num="59" count="2" type="stmt"/>
        <line num="60" count="2" type="stmt"/>
        <line num="61" count="3" type="stmt"/>
        <line num="63" count="4" type="stmt"/>
        <line num="67" count="8" type="cond" truecount="2" falsecount="0"/>
        <line num="68" count="3" type="cond" truecount="2" falsecount="0"/>
        <line num="70" count="2" type="stmt"/>
      </file>
      <file name="Login.tsx" path="/mnt/c/Users/angel/Desktop/studi/universita/appunti/III anno/ingegneria del software/progetto/CodeGuardian/frontend/src/pages/Login.tsx">
        <metrics statements="33" coveredstatements="33" conditionals="31" coveredconditionals="30" methods="7" coveredmethods="7"/>
        <line num="8" count="103" type="stmt"/>
        <line num="9" count="103" type="stmt"/>
        <line num="10" count="103" type="stmt"/>
        <line num="11" count="103" type="stmt"/>
        <line num="12" count="103" type="stmt"/>
        <line num="13" count="103" type="stmt"/>
        <line num="14" count="103" type="stmt"/>
        <line num="15" count="103" type="stmt"/>
        <line num="16" count="103" type="stmt"/>
        <line num="18" count="103" type="stmt"/>
        <line num="19" count="2" type="stmt"/>
        <line num="22" count="103" type="stmt"/>
        <line num="23" count="3" type="stmt"/>
        <line num="25" count="3" type="stmt"/>
        <line num="26" count="3" type="cond" truecount="1" falsecount="1"/>
        <line num="27" count="3" type="stmt"/>
        <line num="28" count="3" type="stmt"/>
        <line num="29" count="3" type="cond" truecount="2" falsecount="0"/>
        <line num="30" count="2" type="stmt"/>
        <line num="31" count="2" type="stmt"/>
        <line num="33" count="2" type="cond" truecount="2" falsecount="0"/>
        <line num="34" count="1" type="stmt"/>
        <line num="35" count="1" type="stmt"/>
        <line num="36" count="1" type="stmt"/>
        <line num="37" count="1" type="stmt"/>
        <line num="41" count="2" type="stmt"/>
        <line num="44" count="103" type="stmt"/>
        <line num="45" count="1" type="stmt"/>
        <line num="46" count="1" type="stmt"/>
        <line num="47" count="1" type="stmt"/>
        <line num="50" count="103" type="stmt"/>
        <line num="58" count="55" type="cond" truecount="2" falsecount="0"/>
        <line num="62" count="30" type="cond" truecount="2" falsecount="0"/>
      </file>
      <file name="Repositories.tsx" path="/mnt/c/Users/angel/Desktop/studi/universita/appunti/III anno/ingegneria del software/progetto/CodeGuardian/frontend/src/pages/Repositories.tsx">
        <metrics statements="17" coveredstatements="17" conditionals="8" coveredconditionals="8" methods="4" coveredmethods="4"/>
        <line num="8" count="10" type="stmt"/>
        <line num="9" count="10" type="stmt"/>
        <line num="10" count="10" type="stmt"/>
        <line num="11" count="10" type="stmt"/>
        <line num="12" count="10" type="stmt"/>
        <line num="14" count="10" type="stmt"/>
        <line num="15" count="6" type="cond" truecount="2" falsecount="0"/>
        <line num="17" count="5" type="stmt"/>
        <line num="18" count="5" type="stmt"/>
        <line num="19" count="5" type="stmt"/>
        <line num="20" count="4" type="cond" truecount="2" falsecount="0"/>
        <line num="21" count="4" type="stmt"/>
        <line num="23" count="5" type="stmt"/>
        <line num="26" count="10" type="cond" truecount="2" falsecount="0"/>
        <line num="27" count="4" type="cond" truecount="2" falsecount="0"/>
        <line num="29" count="3" type="stmt"/>
        <line num="36" count="3" type="stmt"/>
      </file>
      <file name="UserPage.tsx" path="/mnt/c/Users/angel/Desktop/studi/universita/appunti/III anno/ingegneria del software/progetto/CodeGuardian/frontend/src/pages/UserPage.tsx">
        <metrics statements="20" coveredstatements="20" conditionals="10" coveredconditionals="9" methods="4" coveredmethods="4"/>
        <line num="8" count="9" type="stmt"/>
        <line num="9" count="9" type="stmt"/>
        <line num="10" count="9" type="stmt"/>
        <line num="11" count="9" type="stmt"/>
        <line num="12" count="9" type="stmt"/>
        <line num="13" count="9" type="stmt"/>
        <line num="15" count="9" type="stmt"/>
        <line num="16" count="5" type="cond" truecount="2" falsecount="0"/>
        <line num="18" count="4" type="stmt"/>
        <line num="19" count="4" type="stmt"/>
        <line num="20" count="4" type="stmt"/>
        <line num="21" count="3" type="cond" truecount="2" falsecount="0"/>
        <line num="22" count="3" type="stmt"/>
        <line num="24" count="4" type="cond" truecount="1" falsecount="1"/>
        <line num="27" count="9" type="stmt"/>
        <line num="28" count="1" type="stmt"/>
        <line num="29" count="1" type="stmt"/>
        <line num="32" count="9" type="cond" truecount="2" falsecount="0"/>
        <line num="33" count="4" type="cond" truecount="2" falsecount="0"/>
        <line num="40" count="3" type="stmt"/>
      </file>
    </package>
    <package name="services">
      <metrics statements="33" coveredstatements="33" conditionals="14" coveredconditionals="14" methods="12" coveredmethods="12"/>
      <file name="RepositoriesService.ts" path="/mnt/c/Users/angel/Desktop/studi/universita/appunti/III anno/ingegneria del software/progetto/CodeGuardian/frontend/src/services/RepositoriesService.ts">
        <metrics statements="9" coveredstatements="9" conditionals="4" coveredconditionals="4" methods="6" coveredmethods="6"/>
        <line num="1" count="1" type="cond" truecount="2" falsecount="0"/>
        <line num="6" count="4" type="stmt"/>
        <line num="7" count="13" type="cond" truecount="2" falsecount="0"/>
        <line num="8" count="4" type="stmt"/>
        <line num="11" count="2" type="stmt"/>
        <line num="23" count="1" type="stmt"/>
        <line num="24" count="1" type="stmt"/>
        <line num="37" count="1" type="stmt"/>
        <line num="38" count="1" type="stmt"/>
      </file>
      <file name="SessionService.ts" path="/mnt/c/Users/angel/Desktop/studi/universita/appunti/III anno/ingegneria del software/progetto/CodeGuardian/frontend/src/services/SessionService.ts">
        <metrics statements="24" coveredstatements="24" conditionals="10" coveredconditionals="10" methods="6" coveredmethods="6"/>
        <line num="5" count="1" type="stmt"/>
        <line num="6" count="1" type="stmt"/>
        <line num="9" count="1" type="stmt"/>
        <line num="10" count="7" type="stmt"/>
        <line num="13" count="1" type="stmt"/>
        <line num="14" count="1" type="stmt"/>
        <line num="18" count="6" type="stmt"/>
        <line num="19" count="6" type="stmt"/>
        <line num="20" count="6" type="stmt"/>
        <line num="22" count="6" type="stmt"/>
        <line num="23" count="6" type="stmt"/>
        <line num="24" count="6" type="cond" truecount="2" falsecount="0"/>
        <line num="25" count="2" type="cond" truecount="2" falsecount="0"/>
        <line num="26" count="1" type="stmt"/>
        <line num="28" count="2" type="stmt"/>
        <line num="31" count="4" type="stmt"/>
        <line num="33" count="4" type="cond" truecount="2" falsecount="0"/>
        <line num="34" count="1" type="stmt"/>
        <line num="35" count="1" type="stmt"/>
        <line num="38" count="3" type="stmt"/>
        <line num="39" count="3" type="cond" truecount="4" falsecount="0"/>
        <line num="40" count="1" type="stmt"/>
        <line num="41" count="1" type="stmt"/>
        <line num="45" count="6" type="stmt"/>
      </file>
    </package>
    <package name="test">
      <metrics statements="5" coveredstatements="5" conditionals="0" coveredconditionals="0" methods="0" coveredmethods="0"/>
      <file name="mock.ts" path="/mnt/c/Users/angel/Desktop/studi/universita/appunti/III anno/ingegneria del software/progetto/CodeGuardian/frontend/src/test/mock.ts">
        <metrics statements="5" coveredstatements="5" conditionals="0" coveredconditionals="0" methods="0" coveredmethods="0"/>
        <line num="6" count="6" type="stmt"/>
        <line num="38" count="6" type="stmt"/>
        <line num="45" count="6" type="stmt"/>
        <line num="53" count="6" type="stmt"/>
        <line num="96" count="6" type="stmt"/>
      </file>
    </package>
    <package name="types">
      <metrics statements="9" coveredstatements="9" conditionals="4" coveredconditionals="4" methods="2" coveredmethods="2"/>
      <file name="types.ts" path="/mnt/c/Users/angel/Desktop/studi/universita/appunti/III anno/ingegneria del software/progetto/CodeGuardian/frontend/src/types/types.ts">
        <metrics statements="9" coveredstatements="9" conditionals="4" coveredconditionals="4" methods="2" coveredmethods="2"/>
        <line num="11" count="6" type="cond" truecount="2" falsecount="0"/>
        <line num="12" count="6" type="stmt"/>
        <line num="13" count="6" type="stmt"/>
        <line num="14" count="6" type="stmt"/>
        <line num="15" count="6" type="stmt"/>
        <line num="27" count="6" type="cond" truecount="2" falsecount="0"/>
        <line num="28" count="6" type="stmt"/>
        <line num="29" count="6" type="stmt"/>
        <line num="30" count="6" type="stmt"/>
      </file>
    </package>
  </project>
</coverage>
