{"/mnt/c/Users/angel/Desktop/studi/universita/appunti/III anno/ingegneria del software/progetto/CodeGuardian/frontend/src/components/CircularProgress.tsx": {"path":"/mnt/c/Users/angel/Desktop/studi/universita/appunti/III anno/ingegneria del software/progetto/CodeGuardian/frontend/src/components/CircularProgress.tsx","statementMap":{"0":{"start":{"line":3,"column":22},"end":{"line":7,"column":null}},"1":{"start":{"line":4,"column":2},"end":{"line":4,"column":null}},"2":{"start":{"line":4,"column":17},"end":{"line":4,"column":null}},"3":{"start":{"line":5,"column":2},"end":{"line":5,"column":null}},"4":{"start":{"line":5,"column":17},"end":{"line":5,"column":null}},"5":{"start":{"line":6,"column":2},"end":{"line":6,"column":null}},"6":{"start":{"line":9,"column":32},"end":{"line":32,"column":null}},"7":{"start":{"line":11,"column":2},"end":{"line":32,"column":null}}},"fnMap":{"0":{"name":"(anonymous_0)","decl":{"start":{"line":3,"column":22},"end":{"line":3,"column":23}},"loc":{"start":{"line":3,"column":39},"end":{"line":7,"column":null}},"line":3},"1":{"name":"(anonymous_1)","decl":{"start":{"line":9,"column":32},"end":{"line":9,"column":33}},"loc":{"start":{"line":11,"column":2},"end":{"line":32,"column":null}},"line":11}},"branchMap":{"0":{"loc":{"start":{"line":4,"column":2},"end":{"line":4,"column":null}},"type":"if","locations":[{"start":{"line":4,"column":2},"end":{"line":4,"column":null}},{"start":{},"end":{}}],"line":4},"1":{"loc":{"start":{"line":5,"column":2},"end":{"line":5,"column":null}},"type":"if","locations":[{"start":{"line":5,"column":2},"end":{"line":5,"column":null}},{"start":{},"end":{}}],"line":5},"2":{"loc":{"start":{"line":9,"column":53},"end":{"line":9,"column":60}},"type":"default-arg","locations":[{"start":{"line":9,"column":58},"end":{"line":9,"column":60}}],"line":9}},"s":{"0":2,"1":13,"2":3,"3":10,"4":10,"5":3,"6":2,"7":13},"f":{"0":13,"1":13},"b":{"0":[3,10],"1":[7,3],"2":[13]},"meta":{"lastBranch":3,"lastFunction":2,"lastStatement":8,"seen":{"s:3:22:7:Infinity":0,"f:3:22:3:23":0,"b:4:2:4:Infinity:undefined:undefined:undefined:undefined":0,"s:4:2:4:Infinity":1,"s:4:17:4:Infinity":2,"b:5:2:5:Infinity:undefined:undefined:undefined:undefined":1,"s:5:2:5:Infinity":3,"s:5:17:5:Infinity":4,"s:6:2:6:Infinity":5,"s:9:32:32:Infinity":6,"f:9:32:9:33":1,"s:11:2:32:Infinity":7,"b:9:58:9:60":2}}}
,"/mnt/c/Users/angel/Desktop/studi/universita/appunti/III anno/ingegneria del software/progetto/CodeGuardian/frontend/src/components/RemediationCard.tsx": {"path":"/mnt/c/Users/angel/Desktop/studi/universita/appunti/III anno/ingegneria del software/progetto/CodeGuardian/frontend/src/components/RemediationCard.tsx","statementMap":{"0":{"start":{"line":9,"column":21},"end":{"line":12,"column":null}},"1":{"start":{"line":9,"column":56},"end":{"line":12,"column":null}},"2":{"start":{"line":14,"column":20},"end":{"line":23,"column":null}},"3":{"start":{"line":15,"column":21},"end":{"line":15,"column":null}},"4":{"start":{"line":16,"column":2},"end":{"line":21,"column":null}},"5":{"start":{"line":19,"column":8},"end":{"line":19,"column":null}},"6":{"start":{"line":25,"column":18},"end":{"line":34,"column":null}},"7":{"start":{"line":26,"column":32},"end":{"line":26,"column":null}},"8":{"start":{"line":27,"column":16},"end":{"line":27,"column":null}},"9":{"start":{"line":27,"column":54},"end":{"line":27,"column":72}},"10":{"start":{"line":29,"column":24},"end":{"line":31,"column":null}},"11":{"start":{"line":30,"column":4},"end":{"line":30,"column":null}},"12":{"start":{"line":33,"column":2},"end":{"line":33,"column":null}},"13":{"start":{"line":36,"column":31},"end":{"line":43,"column":null}},"14":{"start":{"line":38,"column":2},"end":{"line":41,"column":null}}},"fnMap":{"0":{"name":"(anonymous_0)","decl":{"start":{"line":9,"column":21},"end":{"line":9,"column":22}},"loc":{"start":{"line":9,"column":56},"end":{"line":12,"column":null}},"line":9},"1":{"name":"(anonymous_1)","decl":{"start":{"line":14,"column":20},"end":{"line":14,"column":21}},"loc":{"start":{"line":14,"column":83},"end":{"line":23,"column":null}},"line":14},"2":{"name":"(anonymous_2)","decl":{"start":{"line":18,"column":22},"end":{"line":18,"column":23}},"loc":{"start":{"line":19,"column":8},"end":{"line":19,"column":null}},"line":19},"3":{"name":"(anonymous_3)","decl":{"start":{"line":25,"column":18},"end":{"line":25,"column":19}},"loc":{"start":{"line":25,"column":55},"end":{"line":34,"column":null}},"line":25},"4":{"name":"(anonymous_4)","decl":{"start":{"line":27,"column":46},"end":{"line":27,"column":54}},"loc":{"start":{"line":27,"column":54},"end":{"line":27,"column":72}},"line":27},"5":{"name":"(anonymous_5)","decl":{"start":{"line":29,"column":34},"end":{"line":29,"column":35}},"loc":{"start":{"line":30,"column":4},"end":{"line":30,"column":null}},"line":30},"6":{"name":"(anonymous_6)","decl":{"start":{"line":36,"column":31},"end":{"line":36,"column":32}},"loc":{"start":{"line":36,"column":85},"end":{"line":43,"column":null}},"line":36}},"branchMap":{"0":{"loc":{"start":{"line":10,"column":10},"end":{"line":10,"column":null}},"type":"cond-expr","locations":[{"start":{"line":10,"column":23},"end":{"line":10,"column":30}},{"start":{"line":10,"column":30},"end":{"line":10,"column":null}}],"line":10},"1":{"loc":{"start":{"line":10,"column":30},"end":{"line":10,"column":null}},"type":"cond-expr","locations":[{"start":{"line":10,"column":45},"end":{"line":10,"column":52}},{"start":{"line":10,"column":52},"end":{"line":10,"column":null}}],"line":10},"2":{"loc":{"start":{"line":11,"column":13},"end":{"line":11,"column":null}},"type":"cond-expr","locations":[{"start":{"line":11,"column":26},"end":{"line":11,"column":41}},{"start":{"line":11,"column":41},"end":{"line":11,"column":null}}],"line":11},"3":{"loc":{"start":{"line":11,"column":41},"end":{"line":11,"column":null}},"type":"cond-expr","locations":[{"start":{"line":11,"column":56},"end":{"line":11,"column":73}},{"start":{"line":11,"column":73},"end":{"line":11,"column":null}}],"line":11},"4":{"loc":{"start":{"line":40,"column":7},"end":{"line":40,"column":null}},"type":"binary-expr","locations":[{"start":{"line":40,"column":7},"end":{"line":40,"column":35}},{"start":{"line":40,"column":35},"end":{"line":40,"column":null}}],"line":40}},"s":{"0":2,"1":21,"2":2,"3":5,"4":5,"5":21,"6":2,"7":21,"8":21,"9":41,"10":21,"11":25,"12":21,"13":2,"14":6},"f":{"0":21,"1":5,"2":21,"3":21,"4":41,"5":25,"6":6},"b":{"0":[5,16],"1":[5,11],"2":[5,16],"3":[5,11],"4":[6,5]},"meta":{"lastBranch":5,"lastFunction":7,"lastStatement":15,"seen":{"s:9:21:12:Infinity":0,"f:9:21:9:22":0,"s:9:56:12:Infinity":1,"b:10:23:10:30:10:30:10:Infinity":0,"b:10:45:10:52:10:52:10:Infinity":1,"b:11:26:11:41:11:41:11:Infinity":2,"b:11:56:11:73:11:73:11:Infinity":3,"s:14:20:23:Infinity":2,"f:14:20:14:21":1,"s:15:21:15:Infinity":3,"s:16:2:21:Infinity":4,"f:18:22:18:23":2,"s:19:8:19:Infinity":5,"s:25:18:34:Infinity":6,"f:25:18:25:19":3,"s:26:32:26:Infinity":7,"s:27:16:27:Infinity":8,"f:27:46:27:54":4,"s:27:54:27:72":9,"s:29:24:31:Infinity":10,"f:29:34:29:35":5,"s:30:4:30:Infinity":11,"s:33:2:33:Infinity":12,"s:36:31:43:Infinity":13,"f:36:31:36:32":6,"s:38:2:41:Infinity":14,"b:40:7:40:35:40:35:40:Infinity":4}}}
,"/mnt/c/Users/angel/Desktop/studi/universita/appunti/III anno/ingegneria del software/progetto/CodeGuardian/frontend/src/pages/AddRepository.tsx": {"path":"/mnt/c/Users/angel/Desktop/studi/universita/appunti/III anno/ingegneria del software/progetto/CodeGuardian/frontend/src/pages/AddRepository.tsx","statementMap":{"0":{"start":{"line":6,"column":20},"end":{"line":10,"column":null}},"1":{"start":{"line":7,"column":2},"end":{"line":10,"column":null}},"2":{"start":{"line":14,"column":4},"end":{"line":14,"column":null}},"3":{"start":{"line":15,"column":10},"end":{"line":15,"column":null}},"4":{"start":{"line":16,"column":22},"end":{"line":16,"column":null}},"5":{"start":{"line":17,"column":30},"end":{"line":17,"column":null}},"6":{"start":{"line":18,"column":30},"end":{"line":18,"column":null}},"7":{"start":{"line":19,"column":34},"end":{"line":19,"column":null}},"8":{"start":{"line":21,"column":23},"end":{"line":36,"column":null}},"9":{"start":{"line":22,"column":4},"end":{"line":22,"column":null}},"10":{"start":{"line":23,"column":4},"end":{"line":23,"column":null}},"11":{"start":{"line":25,"column":23},"end":{"line":25,"column":null}},"12":{"start":{"line":26,"column":4},"end":{"line":26,"column":null}},"13":{"start":{"line":27,"column":4},"end":{"line":34,"column":null}},"14":{"start":{"line":28,"column":26},"end":{"line":28,"column":null}},"15":{"start":{"line":29,"column":6},"end":{"line":33,"column":null}},"16":{"start":{"line":30,"column":8},"end":{"line":30,"column":null}},"17":{"start":{"line":32,"column":8},"end":{"line":32,"column":null}},"18":{"start":{"line":35,"column":4},"end":{"line":35,"column":null}},"19":{"start":{"line":38,"column":2},"end":{"line":63,"column":null}},"20":{"start":{"line":45,"column":73},"end":{"line":45,"column":97}},"21":{"start":{"line":45,"column":97},"end":{"line":45,"column":117}},"22":{"start":{"line":45,"column":117},"end":{"line":45,"column":133}}},"fnMap":{"0":{"name":"(anonymous_0)","decl":{"start":{"line":6,"column":20},"end":{"line":6,"column":21}},"loc":{"start":{"line":7,"column":2},"end":{"line":10,"column":null}},"line":7},"1":{"name":"AddRepository","decl":{"start":{"line":13,"column":24},"end":{"line":13,"column":40}},"loc":{"start":{"line":13,"column":40},"end":{"line":65,"column":null}},"line":13},"2":{"name":"(anonymous_2)","decl":{"start":{"line":21,"column":23},"end":{"line":21,"column":30}},"loc":{"start":{"line":21,"column":53},"end":{"line":36,"column":null}},"line":21},"3":{"name":"(anonymous_3)","decl":{"start":{"line":45,"column":65},"end":{"line":45,"column":66}},"loc":{"start":{"line":45,"column":72},"end":{"line":45,"column":136}},"line":45}},"branchMap":{"0":{"loc":{"start":{"line":8,"column":5},"end":{"line":8,"column":null}},"type":"binary-expr","locations":[{"start":{"line":8,"column":5},"end":{"line":8,"column":16}},{"start":{"line":8,"column":16},"end":{"line":8,"column":23}},{"start":{"line":8,"column":23},"end":{"line":8,"column":null}}],"line":8},"1":{"loc":{"start":{"line":9,"column":5},"end":{"line":9,"column":null}},"type":"binary-expr","locations":[{"start":{"line":9,"column":5},"end":{"line":9,"column":17}},{"start":{"line":9,"column":17},"end":{"line":9,"column":28}},{"start":{"line":9,"column":28},"end":{"line":9,"column":35}},{"start":{"line":9,"column":35},"end":{"line":9,"column":49}},{"start":{"line":9,"column":49},"end":{"line":9,"column":null}}],"line":9},"2":{"loc":{"start":{"line":27,"column":4},"end":{"line":34,"column":null}},"type":"if","locations":[{"start":{"line":27,"column":4},"end":{"line":34,"column":null}},{"start":{},"end":{}}],"line":27},"3":{"loc":{"start":{"line":29,"column":6},"end":{"line":33,"column":null}},"type":"if","locations":[{"start":{"line":29,"column":6},"end":{"line":33,"column":null}},{"start":{"line":31,"column":13},"end":{"line":33,"column":null}}],"line":29},"4":{"loc":{"start":{"line":45,"column":165},"end":{"line":45,"column":189}},"type":"cond-expr","locations":[{"start":{"line":45,"column":176},"end":{"line":45,"column":186}},{"start":{"line":45,"column":186},"end":{"line":45,"column":189}}],"line":45},"5":{"loc":{"start":{"line":48,"column":9},"end":{"line":51,"column":null}},"type":"binary-expr","locations":[{"start":{"line":48,"column":9},"end":{"line":48,"column":21}},{"start":{"line":48,"column":21},"end":{"line":48,"column":28}},{"start":{"line":48,"column":28},"end":{"line":48,"column":null}},{"start":{"line":49,"column":10},"end":{"line":51,"column":null}}],"line":48},"6":{"loc":{"start":{"line":58,"column":42},"end":{"line":58,"column":71}},"type":"binary-expr","locations":[{"start":{"line":58,"column":42},"end":{"line":58,"column":50}},{"start":{"line":58,"column":50},"end":{"line":58,"column":61}},{"start":{"line":58,"column":61},"end":{"line":58,"column":71}}],"line":58}},"s":{"0":1,"1":41,"2":41,"3":41,"4":41,"5":41,"6":41,"7":41,"8":41,"9":3,"10":3,"11":3,"12":3,"13":3,"14":2,"15":2,"16":1,"17":1,"18":3,"19":41,"20":31,"21":31,"22":31},"f":{"0":41,"1":41,"2":3,"3":31},"b":{"0":[41,3,3],"1":[41,38,37,34,1],"2":[2,1],"3":[1,1],"4":[1,40],"5":[41,38,35,1],"6":[41,38,35]},"meta":{"lastBranch":7,"lastFunction":4,"lastStatement":23,"seen":{"s:6:20:10:Infinity":0,"f:6:20:6:21":0,"s:7:2:10:Infinity":1,"b:8:5:8:16:8:16:8:23:8:23:8:Infinity":0,"b:9:5:9:17:9:17:9:28:9:28:9:35:9:35:9:49:9:49:9:Infinity":1,"f:13:24:13:40":1,"s:14:4:14:Infinity":2,"s:15:10:15:Infinity":3,"s:16:22:16:Infinity":4,"s:17:30:17:Infinity":5,"s:18:30:18:Infinity":6,"s:19:34:19:Infinity":7,"s:21:23:36:Infinity":8,"f:21:23:21:30":2,"s:22:4:22:Infinity":9,"s:23:4:23:Infinity":10,"s:25:23:25:Infinity":11,"s:26:4:26:Infinity":12,"b:27:4:34:Infinity:undefined:undefined:undefined:undefined":2,"s:27:4:34:Infinity":13,"s:28:26:28:Infinity":14,"b:29:6:33:Infinity:31:13:33:Infinity":3,"s:29:6:33:Infinity":15,"s:30:8:30:Infinity":16,"s:32:8:32:Infinity":17,"s:35:4:35:Infinity":18,"s:38:2:63:Infinity":19,"f:45:65:45:66":3,"s:45:73:45:97":20,"s:45:97:45:117":21,"s:45:117:45:133":22,"b:45:176:45:186:45:186:45:189":4,"b:48:9:48:21:48:21:48:28:48:28:48:Infinity:49:10:51:Infinity":5,"b:58:42:58:50:58:50:58:61:58:61:58:71":6}}}
,"/mnt/c/Users/angel/Desktop/studi/universita/appunti/III anno/ingegneria del software/progetto/CodeGuardian/frontend/src/pages/DettagliRepo.tsx": {"path":"/mnt/c/Users/angel/Desktop/studi/universita/appunti/III anno/ingegneria del software/progetto/CodeGuardian/frontend/src/pages/DettagliRepo.tsx","statementMap":{"0":{"start":{"line":15,"column":27},"end":{"line":24,"column":null}},"1":{"start":{"line":16,"column":2},"end":{"line":24,"column":null}},"2":{"start":{"line":19,"column":6},"end":{"line":22,"column":null}},"3":{"start":{"line":27,"column":17},"end":{"line":36,"column":null}},"4":{"start":{"line":28,"column":4},"end":{"line":36,"column":null}},"5":{"start":{"line":40,"column":4},"end":{"line":40,"column":null}},"6":{"start":{"line":41,"column":15},"end":{"line":41,"column":null}},"7":{"start":{"line":42,"column":33},"end":{"line":42,"column":null}},"8":{"start":{"line":43,"column":38},"end":{"line":43,"column":null}},"9":{"start":{"line":44,"column":30},"end":{"line":44,"column":null}},"10":{"start":{"line":46,"column":10},"end":{"line":50,"column":null}},"11":{"start":{"line":46,"column":53},"end":{"line":50,"column":8}},"12":{"start":{"line":47,"column":39},"end":{"line":47,"column":67}},"13":{"start":{"line":48,"column":38},"end":{"line":48,"column":75}},"14":{"start":{"line":49,"column":40},"end":{"line":49,"column":69}},"15":{"start":{"line":52,"column":4},"end":{"line":65,"column":null}},"16":{"start":{"line":53,"column":8},"end":{"line":53,"column":null}},"17":{"start":{"line":53,"column":16},"end":{"line":53,"column":null}},"18":{"start":{"line":55,"column":26},"end":{"line":61,"column":null}},"19":{"start":{"line":56,"column":12},"end":{"line":56,"column":null}},"20":{"start":{"line":57,"column":27},"end":{"line":57,"column":null}},"21":{"start":{"line":58,"column":12},"end":{"line":60,"column":null}},"22":{"start":{"line":59,"column":16},"end":{"line":59,"column":null}},"23":{"start":{"line":60,"column":16},"end":{"line":60,"column":51}},"24":{"start":{"line":61,"column":12},"end":{"line":61,"column":30}},"25":{"start":{"line":63,"column":8},"end":{"line":63,"column":null}},"26":{"start":{"line":67,"column":4},"end":{"line":67,"column":null}},"27":{"start":{"line":67,"column":17},"end":{"line":67,"column":null}},"28":{"start":{"line":68,"column":4},"end":{"line":68,"column":null}},"29":{"start":{"line":68,"column":21},"end":{"line":68,"column":null}},"30":{"start":{"line":70,"column":4},"end":{"line":105,"column":null}}},"fnMap":{"0":{"name":"(anonymous_0)","decl":{"start":{"line":15,"column":27},"end":{"line":15,"column":28}},"loc":{"start":{"line":16,"column":2},"end":{"line":24,"column":null}},"line":16},"1":{"name":"(anonymous_1)","decl":{"start":{"line":18,"column":15},"end":{"line":18,"column":16}},"loc":{"start":{"line":19,"column":6},"end":{"line":22,"column":null}},"line":19},"2":{"name":"(anonymous_2)","decl":{"start":{"line":27,"column":17},"end":{"line":27,"column":18}},"loc":{"start":{"line":28,"column":4},"end":{"line":36,"column":null}},"line":28},"3":{"name":"DettagliRepo","decl":{"start":{"line":39,"column":24},"end":{"line":39,"column":39}},"loc":{"start":{"line":39,"column":39},"end":{"line":107,"column":null}},"line":39},"4":{"name":"(anonymous_4)","decl":{"start":{"line":46,"column":46},"end":{"line":46,"column":53}},"loc":{"start":{"line":46,"column":53},"end":{"line":50,"column":8}},"line":46},"5":{"name":"(anonymous_5)","decl":{"start":{"line":47,"column":34},"end":{"line":47,"column":39}},"loc":{"start":{"line":47,"column":39},"end":{"line":47,"column":67}},"line":47},"6":{"name":"(anonymous_6)","decl":{"start":{"line":48,"column":33},"end":{"line":48,"column":38}},"loc":{"start":{"line":48,"column":38},"end":{"line":48,"column":75}},"line":48},"7":{"name":"(anonymous_7)","decl":{"start":{"line":49,"column":35},"end":{"line":49,"column":40}},"loc":{"start":{"line":49,"column":40},"end":{"line":49,"column":69}},"line":49},"8":{"name":"(anonymous_8)","decl":{"start":{"line":52,"column":14},"end":{"line":52,"column":20}},"loc":{"start":{"line":52,"column":20},"end":{"line":65,"column":7}},"line":52},"9":{"name":"(anonymous_9)","decl":{"start":{"line":55,"column":26},"end":{"line":55,"column":38}},"loc":{"start":{"line":55,"column":38},"end":{"line":61,"column":null}},"line":55}},"branchMap":{"0":{"loc":{"start":{"line":53,"column":8},"end":{"line":53,"column":null}},"type":"if","locations":[{"start":{"line":53,"column":8},"end":{"line":53,"column":null}},{"start":{},"end":{}}],"line":53},"1":{"loc":{"start":{"line":58,"column":12},"end":{"line":60,"column":null}},"type":"if","locations":[{"start":{"line":58,"column":12},"end":{"line":60,"column":null}},{"start":{},"end":{}}],"line":58},"2":{"loc":{"start":{"line":67,"column":4},"end":{"line":67,"column":null}},"type":"if","locations":[{"start":{"line":67,"column":4},"end":{"line":67,"column":null}},{"start":{},"end":{}}],"line":67},"3":{"loc":{"start":{"line":68,"column":4},"end":{"line":68,"column":null}},"type":"if","locations":[{"start":{"line":68,"column":4},"end":{"line":68,"column":null}},{"start":{},"end":{}}],"line":68},"4":{"loc":{"start":{"line":99,"column":74},"end":{"line":99,"column":93}},"type":"binary-expr","locations":[{"start":{"line":99,"column":74},"end":{"line":99,"column":89}},{"start":{"line":99,"column":89},"end":{"line":99,"column":93}}],"line":99},"5":{"loc":{"start":{"line":100,"column":86},"end":{"line":100,"column":104}},"type":"binary-expr","locations":[{"start":{"line":100,"column":86},"end":{"line":100,"column":100}},{"start":{"line":100,"column":100},"end":{"line":100,"column":104}}],"line":100},"6":{"loc":{"start":{"line":101,"column":77},"end":{"line":101,"column":97}},"type":"binary-expr","locations":[{"start":{"line":101,"column":77},"end":{"line":101,"column":93}},{"start":{"line":101,"column":93},"end":{"line":101,"column":97}}],"line":101}},"s":{"0":1,"1":6,"2":2,"3":1,"4":2,"5":8,"6":8,"7":8,"8":8,"9":8,"10":8,"11":7,"12":2,"13":2,"14":2,"15":8,"16":5,"17":1,"18":4,"19":4,"20":4,"21":3,"22":2,"23":2,"24":3,"25":4,"26":8,"27":5,"28":3,"29":3,"30":2},"f":{"0":6,"1":2,"2":2,"3":8,"4":7,"5":2,"6":2,"7":2,"8":5,"9":4},"b":{"0":[1,4],"1":[2,1],"2":[5,3],"3":[1,2],"4":[8,1],"5":[8,1],"6":[8,1]},"meta":{"lastBranch":7,"lastFunction":10,"lastStatement":31,"seen":{"s:15:27:24:Infinity":0,"f:15:27:15:28":0,"s:16:2:24:Infinity":1,"f:18:15:18:16":1,"s:19:6:22:Infinity":2,"s:27:17:36:Infinity":3,"f:27:17:27:18":2,"s:28:4:36:Infinity":4,"f:39:24:39:39":3,"s:40:4:40:Infinity":5,"s:41:15:41:Infinity":6,"s:42:33:42:Infinity":7,"s:43:38:43:Infinity":8,"s:44:30:44:Infinity":9,"s:46:10:50:Infinity":10,"f:46:46:46:53":4,"s:46:53:50:8":11,"f:47:34:47:39":5,"s:47:39:47:67":12,"f:48:33:48:38":6,"s:48:38:48:75":13,"f:49:35:49:40":7,"s:49:40:49:69":14,"s:52:4:65:Infinity":15,"f:52:14:52:20":8,"b:53:8:53:Infinity:undefined:undefined:undefined:undefined":0,"s:53:8:53:Infinity":16,"s:53:16:53:Infinity":17,"s:55:26:61:Infinity":18,"f:55:26:55:38":9,"s:56:12:56:Infinity":19,"s:57:27:57:Infinity":20,"b:58:12:60:Infinity:undefined:undefined:undefined:undefined":1,"s:58:12:60:Infinity":21,"s:59:16:59:Infinity":22,"s:60:16:60:51":23,"s:61:12:61:30":24,"s:63:8:63:Infinity":25,"b:67:4:67:Infinity:undefined:undefined:undefined:undefined":2,"s:67:4:67:Infinity":26,"s:67:17:67:Infinity":27,"b:68:4:68:Infinity:undefined:undefined:undefined:undefined":3,"s:68:4:68:Infinity":28,"s:68:21:68:Infinity":29,"s:70:4:105:Infinity":30,"b:99:74:99:89:99:89:99:93":4,"b:100:86:100:100:100:100:100:104":5,"b:101:77:101:93:101:93:101:97":6}}}
,"/mnt/c/Users/angel/Desktop/studi/universita/appunti/III anno/ingegneria del software/progetto/CodeGuardian/frontend/src/pages/Login.tsx": {"path":"/mnt/c/Users/angel/Desktop/studi/universita/appunti/III anno/ingegneria del software/progetto/CodeGuardian/frontend/src/pages/Login.tsx","statementMap":{"0":{"start":{"line":8,"column":4},"end":{"line":8,"column":null}},"1":{"start":{"line":9,"column":10},"end":{"line":9,"column":null}},"2":{"start":{"line":10,"column":26},"end":{"line":10,"column":null}},"3":{"start":{"line":11,"column":32},"end":{"line":11,"column":null}},"4":{"start":{"line":12,"column":38},"end":{"line":12,"column":null}},"5":{"start":{"line":13,"column":52},"end":{"line":13,"column":null}},"6":{"start":{"line":14,"column":16},"end":{"line":14,"column":null}},"7":{"start":{"line":15,"column":50},"end":{"line":15,"column":null}},"8":{"start":{"line":16,"column":30},"end":{"line":16,"column":null}},"9":{"start":{"line":18,"column":37},"end":{"line":20,"column":null}},"10":{"start":{"line":19,"column":8},"end":{"line":19,"column":null}},"11":{"start":{"line":19,"column":44},"end":{"line":19,"column":54}},"12":{"start":{"line":22,"column":20},"end":{"line":42,"column":null}},"13":{"start":{"line":23,"column":4},"end":{"line":23,"column":null}},"14":{"start":{"line":25,"column":4},"end":{"line":25,"column":null}},"15":{"start":{"line":26,"column":4},"end":{"line":40,"column":null}},"16":{"start":{"line":27,"column":29},"end":{"line":27,"column":null}},"17":{"start":{"line":28,"column":8},"end":{"line":28,"column":null}},"18":{"start":{"line":29,"column":8},"end":{"line":39,"column":null}},"19":{"start":{"line":30,"column":38},"end":{"line":30,"column":null}},"20":{"start":{"line":31,"column":12},"end":{"line":31,"column":null}},"21":{"start":{"line":33,"column":12},"end":{"line":38,"column":null}},"22":{"start":{"line":34,"column":16},"end":{"line":34,"column":null}},"23":{"start":{"line":35,"column":16},"end":{"line":35,"column":null}},"24":{"start":{"line":36,"column":16},"end":{"line":36,"column":null}},"25":{"start":{"line":37,"column":16},"end":{"line":37,"column":null}},"26":{"start":{"line":41,"column":4},"end":{"line":41,"column":null}},"27":{"start":{"line":44,"column":22},"end":{"line":48,"column":null}},"28":{"start":{"line":45,"column":4},"end":{"line":45,"column":null}},"29":{"start":{"line":46,"column":4},"end":{"line":46,"column":null}},"30":{"start":{"line":47,"column":4},"end":{"line":47,"column":null}},"31":{"start":{"line":50,"column":2},"end":{"line":76,"column":null}},"32":{"start":{"line":58,"column":85},"end":{"line":58,"column":111}},"33":{"start":{"line":58,"column":111},"end":{"line":58,"column":139}},"34":{"start":{"line":58,"column":139},"end":{"line":58,"column":159}},"35":{"start":{"line":62,"column":141},"end":{"line":62,"column":170}},"36":{"start":{"line":62,"column":170},"end":{"line":62,"column":198}},"37":{"start":{"line":62,"column":198},"end":{"line":62,"column":218}}},"fnMap":{"0":{"name":"Login","decl":{"start":{"line":7,"column":24},"end":{"line":7,"column":32}},"loc":{"start":{"line":7,"column":32},"end":{"line":78,"column":null}},"line":7},"1":{"name":"(anonymous_1)","decl":{"start":{"line":18,"column":37},"end":{"line":18,"column":43}},"loc":{"start":{"line":18,"column":43},"end":{"line":20,"column":null}},"line":18},"2":{"name":"(anonymous_2)","decl":{"start":{"line":19,"column":29},"end":{"line":19,"column":30}},"loc":{"start":{"line":19,"column":44},"end":{"line":19,"column":54}},"line":19},"3":{"name":"(anonymous_3)","decl":{"start":{"line":22,"column":20},"end":{"line":22,"column":27}},"loc":{"start":{"line":22,"column":50},"end":{"line":42,"column":null}},"line":22},"4":{"name":"(anonymous_4)","decl":{"start":{"line":44,"column":22},"end":{"line":44,"column":34}},"loc":{"start":{"line":44,"column":34},"end":{"line":48,"column":null}},"line":44},"5":{"name":"(anonymous_5)","decl":{"start":{"line":58,"column":77},"end":{"line":58,"column":78}},"loc":{"start":{"line":58,"column":84},"end":{"line":58,"column":162}},"line":58},"6":{"name":"(anonymous_6)","decl":{"start":{"line":62,"column":133},"end":{"line":62,"column":134}},"loc":{"start":{"line":62,"column":140},"end":{"line":62,"column":220}},"line":62}},"branchMap":{"0":{"loc":{"start":{"line":26,"column":4},"end":{"line":40,"column":null}},"type":"if","locations":[{"start":{"line":26,"column":4},"end":{"line":40,"column":null}},{"start":{},"end":{}}],"line":26},"1":{"loc":{"start":{"line":29,"column":8},"end":{"line":39,"column":null}},"type":"if","locations":[{"start":{"line":29,"column":8},"end":{"line":39,"column":null}},{"start":{},"end":{}}],"line":29},"2":{"loc":{"start":{"line":33,"column":12},"end":{"line":38,"column":null}},"type":"if","locations":[{"start":{"line":33,"column":12},"end":{"line":38,"column":null}},{"start":{},"end":{}}],"line":33},"3":{"loc":{"start":{"line":58,"column":193},"end":{"line":58,"column":222}},"type":"cond-expr","locations":[{"start":{"line":58,"column":209},"end":{"line":58,"column":219}},{"start":{"line":58,"column":219},"end":{"line":58,"column":222}}],"line":58},"4":{"loc":{"start":{"line":62,"column":65},"end":{"line":62,"column":106}},"type":"cond-expr","locations":[{"start":{"line":62,"column":85},"end":{"line":62,"column":94}},{"start":{"line":62,"column":94},"end":{"line":62,"column":106}}],"line":62},"5":{"loc":{"start":{"line":63,"column":104},"end":{"line":63,"column":null}},"type":"cond-expr","locations":[{"start":{"line":63,"column":124},"end":{"line":63,"column":146}},{"start":{"line":63,"column":146},"end":{"line":63,"column":null}}],"line":63},"6":{"loc":{"start":{"line":64,"column":21},"end":{"line":64,"column":null}},"type":"cond-expr","locations":[{"start":{"line":64,"column":41},"end":{"line":64,"column":58}},{"start":{"line":64,"column":58},"end":{"line":64,"column":null}}],"line":64},"7":{"loc":{"start":{"line":70,"column":59},"end":{"line":70,"column":108}},"type":"binary-expr","locations":[{"start":{"line":70,"column":59},"end":{"line":70,"column":70}},{"start":{"line":70,"column":70},"end":{"line":70,"column":87}},{"start":{"line":70,"column":87},"end":{"line":70,"column":97}},{"start":{"line":70,"column":97},"end":{"line":70,"column":108}}],"line":70},"8":{"loc":{"start":{"line":72,"column":13},"end":{"line":72,"column":null}},"type":"binary-expr","locations":[{"start":{"line":72,"column":13},"end":{"line":72,"column":37}},{"start":{"line":72,"column":37},"end":{"line":72,"column":49}},{"start":{"line":72,"column":49},"end":{"line":72,"column":58}},{"start":{"line":72,"column":58},"end":{"line":72,"column":70}},{"start":{"line":72,"column":70},"end":{"line":72,"column":87}},{"start":{"line":72,"column":87},"end":{"line":72,"column":null}}],"line":72},"9":{"loc":{"start":{"line":73,"column":13},"end":{"line":73,"column":null}},"type":"binary-expr","locations":[{"start":{"line":73,"column":13},"end":{"line":73,"column":29}},{"start":{"line":73,"column":29},"end":{"line":73,"column":38}},{"start":{"line":73,"column":38},"end":{"line":73,"column":null}}],"line":73},"10":{"loc":{"start":{"line":74,"column":13},"end":{"line":74,"column":null}},"type":"binary-expr","locations":[{"start":{"line":74,"column":13},"end":{"line":74,"column":24}},{"start":{"line":74,"column":24},"end":{"line":74,"column":33}},{"start":{"line":74,"column":33},"end":{"line":74,"column":45}},{"start":{"line":74,"column":45},"end":{"line":74,"column":null}}],"line":74}},"s":{"0":103,"1":103,"2":103,"3":103,"4":103,"5":103,"6":103,"7":103,"8":103,"9":103,"10":2,"11":2,"12":103,"13":3,"14":3,"15":3,"16":3,"17":3,"18":3,"19":2,"20":2,"21":2,"22":1,"23":1,"24":1,"25":1,"26":2,"27":103,"28":1,"29":1,"30":1,"31":103,"32":55,"33":55,"34":55,"35":30,"36":30,"37":30},"f":{"0":103,"1":2,"2":2,"3":3,"4":1,"5":55,"6":30},"b":{"0":[3,0],"1":[2,1],"2":[1,1],"3":[1,102],"4":[1,102],"5":[1,102],"6":[1,102],"7":[103,100,99,88],"8":[103,1,1,1,1,1],"9":[103,1,1],"10":[103,3,3,3]},"meta":{"lastBranch":11,"lastFunction":7,"lastStatement":38,"seen":{"f:7:24:7:32":0,"s:8:4:8:Infinity":0,"s:9:10:9:Infinity":1,"s:10:26:10:Infinity":2,"s:11:32:11:Infinity":3,"s:12:38:12:Infinity":4,"s:13:52:13:Infinity":5,"s:14:16:14:Infinity":6,"s:15:50:15:Infinity":7,"s:16:30:16:Infinity":8,"s:18:37:20:Infinity":9,"f:18:37:18:43":1,"s:19:8:19:Infinity":10,"f:19:29:19:30":2,"s:19:44:19:54":11,"s:22:20:42:Infinity":12,"f:22:20:22:27":3,"s:23:4:23:Infinity":13,"s:25:4:25:Infinity":14,"b:26:4:40:Infinity:undefined:undefined:undefined:undefined":0,"s:26:4:40:Infinity":15,"s:27:29:27:Infinity":16,"s:28:8:28:Infinity":17,"b:29:8:39:Infinity:undefined:undefined:undefined:undefined":1,"s:29:8:39:Infinity":18,"s:30:38:30:Infinity":19,"s:31:12:31:Infinity":20,"b:33:12:38:Infinity:undefined:undefined:undefined:undefined":2,"s:33:12:38:Infinity":21,"s:34:16:34:Infinity":22,"s:35:16:35:Infinity":23,"s:36:16:36:Infinity":24,"s:37:16:37:Infinity":25,"s:41:4:41:Infinity":26,"s:44:22:48:Infinity":27,"f:44:22:44:34":4,"s:45:4:45:Infinity":28,"s:46:4:46:Infinity":29,"s:47:4:47:Infinity":30,"s:50:2:76:Infinity":31,"f:58:77:58:78":5,"s:58:85:58:111":32,"s:58:111:58:139":33,"s:58:139:58:159":34,"b:58:209:58:219:58:219:58:222":3,"b:62:85:62:94:62:94:62:106":4,"f:62:133:62:134":6,"s:62:141:62:170":35,"s:62:170:62:198":36,"s:62:198:62:218":37,"b:63:124:63:146:63:146:63:Infinity":5,"b:64:41:64:58:64:58:64:Infinity":6,"b:70:59:70:70:70:70:70:87:70:87:70:97:70:97:70:108":7,"b:72:13:72:37:72:37:72:49:72:49:72:58:72:58:72:70:72:70:72:87:72:87:72:Infinity":8,"b:73:13:73:29:73:29:73:38:73:38:73:Infinity":9,"b:74:13:74:24:74:24:74:33:74:33:74:45:74:45:74:Infinity":10}}}
,"/mnt/c/Users/angel/Desktop/studi/universita/appunti/III anno/ingegneria del software/progetto/CodeGuardian/frontend/src/pages/Repositories.tsx": {"path":"/mnt/c/Users/angel/Desktop/studi/universita/appunti/III anno/ingegneria del software/progetto/CodeGuardian/frontend/src/pages/Repositories.tsx","statementMap":{"0":{"start":{"line":8,"column":2},"end":{"line":8,"column":null}},"1":{"start":{"line":9,"column":14},"end":{"line":9,"column":null}},"2":{"start":{"line":10,"column":8},"end":{"line":10,"column":null}},"3":{"start":{"line":11,"column":28},"end":{"line":11,"column":null}},"4":{"start":{"line":12,"column":38},"end":{"line":12,"column":null}},"5":{"start":{"line":14,"column":2},"end":{"line":24,"column":null}},"6":{"start":{"line":15,"column":6},"end":{"line":15,"column":null}},"7":{"start":{"line":15,"column":14},"end":{"line":15,"column":null}},"8":{"start":{"line":17,"column":24},"end":{"line":21,"column":null}},"9":{"start":{"line":18,"column":8},"end":{"line":18,"column":null}},"10":{"start":{"line":19,"column":23},"end":{"line":19,"column":null}},"11":{"start":{"line":20,"column":8},"end":{"line":20,"column":null}},"12":{"start":{"line":20,"column":21},"end":{"line":20,"column":45}},"13":{"start":{"line":21,"column":8},"end":{"line":21,"column":27}},"14":{"start":{"line":23,"column":6},"end":{"line":23,"column":null}},"15":{"start":{"line":26,"column":2},"end":{"line":26,"column":null}},"16":{"start":{"line":26,"column":15},"end":{"line":26,"column":null}},"17":{"start":{"line":27,"column":2},"end":{"line":27,"column":null}},"18":{"start":{"line":27,"column":21},"end":{"line":27,"column":null}},"19":{"start":{"line":29,"column":2},"end":{"line":44,"column":null}},"20":{"start":{"line":36,"column":12},"end":{"line":41,"column":null}}},"fnMap":{"0":{"name":"Repositories","decl":{"start":{"line":7,"column":24},"end":{"line":7,"column":39}},"loc":{"start":{"line":7,"column":39},"end":{"line":46,"column":null}},"line":7},"1":{"name":"(anonymous_1)","decl":{"start":{"line":14,"column":12},"end":{"line":14,"column":18}},"loc":{"start":{"line":14,"column":18},"end":{"line":24,"column":5}},"line":14},"2":{"name":"(anonymous_2)","decl":{"start":{"line":17,"column":24},"end":{"line":17,"column":36}},"loc":{"start":{"line":17,"column":36},"end":{"line":21,"column":null}},"line":17},"3":{"name":"(anonymous_3)","decl":{"start":{"line":35,"column":29},"end":{"line":35,"column":30}},"loc":{"start":{"line":36,"column":12},"end":{"line":41,"column":null}},"line":36}},"branchMap":{"0":{"loc":{"start":{"line":15,"column":6},"end":{"line":15,"column":null}},"type":"if","locations":[{"start":{"line":15,"column":6},"end":{"line":15,"column":null}},{"start":{},"end":{}}],"line":15},"1":{"loc":{"start":{"line":20,"column":8},"end":{"line":20,"column":null}},"type":"if","locations":[{"start":{"line":20,"column":8},"end":{"line":20,"column":null}},{"start":{},"end":{}}],"line":20},"2":{"loc":{"start":{"line":26,"column":2},"end":{"line":26,"column":null}},"type":"if","locations":[{"start":{"line":26,"column":2},"end":{"line":26,"column":null}},{"start":{},"end":{}}],"line":26},"3":{"loc":{"start":{"line":27,"column":2},"end":{"line":27,"column":null}},"type":"if","locations":[{"start":{"line":27,"column":2},"end":{"line":27,"column":null}},{"start":{},"end":{}}],"line":27}},"s":{"0":10,"1":10,"2":10,"3":10,"4":10,"5":10,"6":6,"7":1,"8":5,"9":5,"10":5,"11":4,"12":3,"13":4,"14":5,"15":10,"16":6,"17":4,"18":4,"19":3,"20":3},"f":{"0":10,"1":6,"2":5,"3":3},"b":{"0":[1,5],"1":[3,1],"2":[6,4],"3":[1,3]},"meta":{"lastBranch":4,"lastFunction":4,"lastStatement":21,"seen":{"f:7:24:7:39":0,"s:8:2:8:Infinity":0,"s:9:14:9:Infinity":1,"s:10:8:10:Infinity":2,"s:11:28:11:Infinity":3,"s:12:38:12:Infinity":4,"s:14:2:24:Infinity":5,"f:14:12:14:18":1,"b:15:6:15:Infinity:undefined:undefined:undefined:undefined":0,"s:15:6:15:Infinity":6,"s:15:14:15:Infinity":7,"s:17:24:21:Infinity":8,"f:17:24:17:36":2,"s:18:8:18:Infinity":9,"s:19:23:19:Infinity":10,"b:20:8:20:Infinity:undefined:undefined:undefined:undefined":1,"s:20:8:20:Infinity":11,"s:20:21:20:45":12,"s:21:8:21:27":13,"s:23:6:23:Infinity":14,"b:26:2:26:Infinity:undefined:undefined:undefined:undefined":2,"s:26:2:26:Infinity":15,"s:26:15:26:Infinity":16,"b:27:2:27:Infinity:undefined:undefined:undefined:undefined":3,"s:27:2:27:Infinity":17,"s:27:21:27:Infinity":18,"s:29:2:44:Infinity":19,"f:35:29:35:30":3,"s:36:12:41:Infinity":20}}}
,"/mnt/c/Users/angel/Desktop/studi/universita/appunti/III anno/ingegneria del software/progetto/CodeGuardian/frontend/src/pages/UserPage.tsx": {"path":"/mnt/c/Users/angel/Desktop/studi/universita/appunti/III anno/ingegneria del software/progetto/CodeGuardian/frontend/src/pages/UserPage.tsx","statementMap":{"0":{"start":{"line":8,"column":4},"end":{"line":8,"column":null}},"1":{"start":{"line":9,"column":10},"end":{"line":9,"column":null}},"2":{"start":{"line":10,"column":16},"end":{"line":10,"column":null}},"3":{"start":{"line":11,"column":10},"end":{"line":11,"column":null}},"4":{"start":{"line":12,"column":28},"end":{"line":12,"column":null}},"5":{"start":{"line":13,"column":30},"end":{"line":13,"column":null}},"6":{"start":{"line":15,"column":4},"end":{"line":25,"column":null}},"7":{"start":{"line":16,"column":8},"end":{"line":16,"column":null}},"8":{"start":{"line":16,"column":16},"end":{"line":16,"column":null}},"9":{"start":{"line":18,"column":26},"end":{"line":22,"column":null}},"10":{"start":{"line":19,"column":12},"end":{"line":19,"column":null}},"11":{"start":{"line":20,"column":27},"end":{"line":20,"column":null}},"12":{"start":{"line":21,"column":12},"end":{"line":21,"column":null}},"13":{"start":{"line":21,"column":25},"end":{"line":21,"column":45}},"14":{"start":{"line":22,"column":12},"end":{"line":22,"column":30}},"15":{"start":{"line":24,"column":8},"end":{"line":24,"column":null}},"16":{"start":{"line":24,"column":16},"end":{"line":24,"column":null}},"17":{"start":{"line":27,"column":25},"end":{"line":30,"column":null}},"18":{"start":{"line":28,"column":4},"end":{"line":28,"column":null}},"19":{"start":{"line":29,"column":4},"end":{"line":29,"column":null}},"20":{"start":{"line":32,"column":4},"end":{"line":32,"column":null}},"21":{"start":{"line":32,"column":17},"end":{"line":32,"column":null}},"22":{"start":{"line":33,"column":4},"end":{"line":37,"column":null}},"23":{"start":{"line":33,"column":15},"end":{"line":37,"column":null}},"24":{"start":{"line":40,"column":2},"end":{"line":61,"column":null}}},"fnMap":{"0":{"name":"UserPage","decl":{"start":{"line":7,"column":24},"end":{"line":7,"column":35}},"loc":{"start":{"line":7,"column":35},"end":{"line":63,"column":null}},"line":7},"1":{"name":"(anonymous_1)","decl":{"start":{"line":15,"column":14},"end":{"line":15,"column":20}},"loc":{"start":{"line":15,"column":20},"end":{"line":25,"column":7}},"line":15},"2":{"name":"(anonymous_2)","decl":{"start":{"line":18,"column":26},"end":{"line":18,"column":38}},"loc":{"start":{"line":18,"column":38},"end":{"line":22,"column":null}},"line":18},"3":{"name":"(anonymous_3)","decl":{"start":{"line":27,"column":25},"end":{"line":27,"column":37}},"loc":{"start":{"line":27,"column":37},"end":{"line":30,"column":null}},"line":27}},"branchMap":{"0":{"loc":{"start":{"line":16,"column":8},"end":{"line":16,"column":null}},"type":"if","locations":[{"start":{"line":16,"column":8},"end":{"line":16,"column":null}},{"start":{},"end":{}}],"line":16},"1":{"loc":{"start":{"line":21,"column":12},"end":{"line":21,"column":null}},"type":"if","locations":[{"start":{"line":21,"column":12},"end":{"line":21,"column":null}},{"start":{},"end":{}}],"line":21},"2":{"loc":{"start":{"line":24,"column":8},"end":{"line":24,"column":null}},"type":"if","locations":[{"start":{"line":24,"column":8},"end":{"line":24,"column":null}},{"start":{},"end":{}}],"line":24},"3":{"loc":{"start":{"line":32,"column":4},"end":{"line":32,"column":null}},"type":"if","locations":[{"start":{"line":32,"column":4},"end":{"line":32,"column":null}},{"start":{},"end":{}}],"line":32},"4":{"loc":{"start":{"line":33,"column":4},"end":{"line":37,"column":null}},"type":"if","locations":[{"start":{"line":33,"column":4},"end":{"line":37,"column":null}},{"start":{},"end":{}}],"line":33}},"s":{"0":9,"1":9,"2":9,"3":9,"4":9,"5":9,"6":9,"7":5,"8":1,"9":4,"10":4,"11":4,"12":3,"13":2,"14":3,"15":4,"16":4,"17":9,"18":1,"19":1,"20":9,"21":5,"22":4,"23":4,"24":3},"f":{"0":9,"1":5,"2":4,"3":1},"b":{"0":[1,4],"1":[2,1],"2":[4,0],"3":[5,4],"4":[1,3]},"meta":{"lastBranch":5,"lastFunction":4,"lastStatement":25,"seen":{"f:7:24:7:35":0,"s:8:4:8:Infinity":0,"s:9:10:9:Infinity":1,"s:10:16:10:Infinity":2,"s:11:10:11:Infinity":3,"s:12:28:12:Infinity":4,"s:13:30:13:Infinity":5,"s:15:4:25:Infinity":6,"f:15:14:15:20":1,"b:16:8:16:Infinity:undefined:undefined:undefined:undefined":0,"s:16:8:16:Infinity":7,"s:16:16:16:Infinity":8,"s:18:26:22:Infinity":9,"f:18:26:18:38":2,"s:19:12:19:Infinity":10,"s:20:27:20:Infinity":11,"b:21:12:21:Infinity:undefined:undefined:undefined:undefined":1,"s:21:12:21:Infinity":12,"s:21:25:21:45":13,"s:22:12:22:30":14,"b:24:8:24:Infinity:undefined:undefined:undefined:undefined":2,"s:24:8:24:Infinity":15,"s:24:16:24:Infinity":16,"s:27:25:30:Infinity":17,"f:27:25:27:37":3,"s:28:4:28:Infinity":18,"s:29:4:29:Infinity":19,"b:32:4:32:Infinity:undefined:undefined:undefined:undefined":3,"s:32:4:32:Infinity":20,"s:32:17:32:Infinity":21,"b:33:4:37:Infinity:undefined:undefined:undefined:undefined":4,"s:33:4:37:Infinity":22,"s:33:15:37:Infinity":23,"s:40:2:61:Infinity":24}}}
,"/mnt/c/Users/angel/Desktop/studi/universita/appunti/III anno/ingegneria del software/progetto/CodeGuardian/frontend/src/services/RepositoriesService.ts": {"path":"/mnt/c/Users/angel/Desktop/studi/universita/appunti/III anno/ingegneria del software/progetto/CodeGuardian/frontend/src/services/RepositoriesService.ts","statementMap":{"0":{"start":{"line":1,"column":23},"end":{"line":1,"column":null}},"1":{"start":{"line":6,"column":23},"end":{"line":7,"column":null}},"2":{"start":{"line":7,"column":4},"end":{"line":7,"column":78}},"3":{"start":{"line":8,"column":2},"end":{"line":8,"column":null}},"4":{"start":{"line":11,"column":14},"end":{"line":11,"column":null}},"5":{"start":{"line":11,"column":30},"end":{"line":11,"column":null}},"6":{"start":{"line":11,"column":49},"end":{"line":11,"column":68}},"7":{"start":{"line":23,"column":2},"end":{"line":23,"column":null}},"8":{"start":{"line":24,"column":2},"end":{"line":24,"column":null}},"9":{"start":{"line":37,"column":2},"end":{"line":37,"column":null}},"10":{"start":{"line":38,"column":2},"end":{"line":38,"column":null}}},"fnMap":{"0":{"name":"getRepositoriesByUser","decl":{"start":{"line":5,"column":22},"end":{"line":5,"column":44}},"loc":{"start":{"line":5,"column":97},"end":{"line":9,"column":1}},"line":5},"1":{"name":"(anonymous_1)","decl":{"start":{"line":6,"column":53},"end":{"line":6,"column":null}},"loc":{"start":{"line":7,"column":4},"end":{"line":7,"column":78}},"line":7},"2":{"name":"(anonymous_2)","decl":{"start":{"line":11,"column":14},"end":{"line":11,"column":15}},"loc":{"start":{"line":11,"column":30},"end":{"line":11,"column":null}},"line":11},"3":{"name":"(anonymous_3)","decl":{"start":{"line":11,"column":42},"end":{"line":11,"column":49}},"loc":{"start":{"line":11,"column":49},"end":{"line":11,"column":68}},"line":11},"4":{"name":"checkRepoValid","decl":{"start":{"line":13,"column":22},"end":{"line":13,"column":37}},"loc":{"start":{"line":13,"column":68},"end":{"line":25,"column":null}},"line":13},"5":{"name":"checkRepoAccess","decl":{"start":{"line":27,"column":22},"end":{"line":27,"column":38}},"loc":{"start":{"line":27,"column":69},"end":{"line":39,"column":null}},"line":27}},"branchMap":{"0":{"loc":{"start":{"line":1,"column":23},"end":{"line":1,"column":null}},"type":"binary-expr","locations":[{"start":{"line":1,"column":23},"end":{"line":1,"column":55}},{"start":{"line":1,"column":55},"end":{"line":1,"column":null}}],"line":1},"1":{"loc":{"start":{"line":7,"column":4},"end":{"line":7,"column":78}},"type":"cond-expr","locations":[{"start":{"line":7,"column":33},"end":{"line":7,"column":60}},{"start":{"line":7,"column":60},"end":{"line":7,"column":78}}],"line":7}},"s":{"0":1,"1":4,"2":13,"3":4,"4":1,"5":2,"6":2,"7":1,"8":1,"9":1,"10":1},"f":{"0":4,"1":13,"2":2,"3":2,"4":1,"5":1},"b":{"0":[1,1],"1":[12,1]},"meta":{"lastBranch":2,"lastFunction":6,"lastStatement":11,"seen":{"s:1:23:1:Infinity":0,"b:1:23:1:55:1:55:1:Infinity":0,"f:5:22:5:44":0,"s:6:23:7:Infinity":1,"f:6:53:6:Infinity":1,"s:7:4:7:78":2,"b:7:33:7:60:7:60:7:78":1,"s:8:2:8:Infinity":3,"s:11:14:11:Infinity":4,"f:11:14:11:15":2,"s:11:30:11:Infinity":5,"f:11:42:11:49":3,"s:11:49:11:68":6,"f:13:22:13:37":4,"s:23:2:23:Infinity":7,"s:24:2:24:Infinity":8,"f:27:22:27:38":5,"s:37:2:37:Infinity":9,"s:38:2:38:Infinity":10}}}
,"/mnt/c/Users/angel/Desktop/studi/universita/appunti/III anno/ingegneria del software/progetto/CodeGuardian/frontend/src/services/SessionService.ts": {"path":"/mnt/c/Users/angel/Desktop/studi/universita/appunti/III anno/ingegneria del software/progetto/CodeGuardian/frontend/src/services/SessionService.ts","statementMap":{"0":{"start":{"line":5,"column":26},"end":{"line":7,"column":null}},"1":{"start":{"line":6,"column":2},"end":{"line":6,"column":null}},"2":{"start":{"line":9,"column":25},"end":{"line":11,"column":null}},"3":{"start":{"line":10,"column":2},"end":{"line":10,"column":null}},"4":{"start":{"line":13,"column":22},"end":{"line":15,"column":null}},"5":{"start":{"line":14,"column":2},"end":{"line":14,"column":null}},"6":{"start":{"line":18,"column":8},"end":{"line":18,"column":null}},"7":{"start":{"line":19,"column":8},"end":{"line":19,"column":null}},"8":{"start":{"line":20,"column":17},"end":{"line":20,"column":null}},"9":{"start":{"line":22,"column":2},"end":{"line":46,"column":null}},"10":{"start":{"line":23,"column":23},"end":{"line":43,"column":null}},"11":{"start":{"line":24,"column":6},"end":{"line":29,"column":null}},"12":{"start":{"line":25,"column":8},"end":{"line":27,"column":null}},"13":{"start":{"line":26,"column":10},"end":{"line":26,"column":null}},"14":{"start":{"line":28,"column":8},"end":{"line":28,"column":null}},"15":{"start":{"line":31,"column":33},"end":{"line":31,"column":null}},"16":{"start":{"line":33,"column":6},"end":{"line":36,"column":null}},"17":{"start":{"line":34,"column":8},"end":{"line":34,"column":null}},"18":{"start":{"line":35,"column":8},"end":{"line":35,"column":null}},"19":{"start":{"line":38,"column":19},"end":{"line":38,"column":null}},"20":{"start":{"line":39,"column":6},"end":{"line":42,"column":null}},"21":{"start":{"line":40,"column":8},"end":{"line":40,"column":null}},"22":{"start":{"line":41,"column":8},"end":{"line":41,"column":null}},"23":{"start":{"line":45,"column":4},"end":{"line":45,"column":null}}},"fnMap":{"0":{"name":"(anonymous_0)","decl":{"start":{"line":5,"column":26},"end":{"line":5,"column":27}},"loc":{"start":{"line":5,"column":58},"end":{"line":7,"column":null}},"line":5},"1":{"name":"(anonymous_1)","decl":{"start":{"line":9,"column":25},"end":{"line":9,"column":26}},"loc":{"start":{"line":9,"column":42},"end":{"line":11,"column":null}},"line":9},"2":{"name":"(anonymous_2)","decl":{"start":{"line":13,"column":22},"end":{"line":13,"column":23}},"loc":{"start":{"line":13,"column":39},"end":{"line":15,"column":null}},"line":13},"3":{"name":"isLogged","decl":{"start":{"line":17,"column":16},"end":{"line":17,"column":27}},"loc":{"start":{"line":17,"column":27},"end":{"line":47,"column":null}},"line":17},"4":{"name":"(anonymous_4)","decl":{"start":{"line":22,"column":12},"end":{"line":22,"column":18}},"loc":{"start":{"line":22,"column":18},"end":{"line":46,"column":5}},"line":22},"5":{"name":"(anonymous_5)","decl":{"start":{"line":23,"column":23},"end":{"line":23,"column":35}},"loc":{"start":{"line":23,"column":35},"end":{"line":43,"column":null}},"line":23}},"branchMap":{"0":{"loc":{"start":{"line":24,"column":6},"end":{"line":29,"column":null}},"type":"if","locations":[{"start":{"line":24,"column":6},"end":{"line":29,"column":null}},{"start":{},"end":{}}],"line":24},"1":{"loc":{"start":{"line":25,"column":8},"end":{"line":27,"column":null}},"type":"if","locations":[{"start":{"line":25,"column":8},"end":{"line":27,"column":null}},{"start":{},"end":{}}],"line":25},"2":{"loc":{"start":{"line":33,"column":6},"end":{"line":36,"column":null}},"type":"if","locations":[{"start":{"line":33,"column":6},"end":{"line":36,"column":null}},{"start":{},"end":{}}],"line":33},"3":{"loc":{"start":{"line":39,"column":6},"end":{"line":42,"column":null}},"type":"if","locations":[{"start":{"line":39,"column":6},"end":{"line":42,"column":null}},{"start":{},"end":{}}],"line":39},"4":{"loc":{"start":{"line":39,"column":10},"end":{"line":39,"column":53}},"type":"binary-expr","locations":[{"start":{"line":39,"column":10},"end":{"line":39,"column":19}},{"start":{"line":39,"column":19},"end":{"line":39,"column":53}}],"line":39}},"s":{"0":1,"1":1,"2":1,"3":7,"4":1,"5":1,"6":6,"7":6,"8":6,"9":6,"10":6,"11":6,"12":2,"13":1,"14":2,"15":4,"16":4,"17":1,"18":1,"19":3,"20":3,"21":1,"22":1,"23":6},"f":{"0":1,"1":7,"2":1,"3":6,"4":6,"5":6},"b":{"0":[2,4],"1":[1,1],"2":[1,3],"3":[1,2],"4":[3,2]},"meta":{"lastBranch":5,"lastFunction":6,"lastStatement":24,"seen":{"s:5:26:7:Infinity":0,"f:5:26:5:27":0,"s:6:2:6:Infinity":1,"s:9:25:11:Infinity":2,"f:9:25:9:26":1,"s:10:2:10:Infinity":3,"s:13:22:15:Infinity":4,"f:13:22:13:23":2,"s:14:2:14:Infinity":5,"f:17:16:17:27":3,"s:18:8:18:Infinity":6,"s:19:8:19:Infinity":7,"s:20:17:20:Infinity":8,"s:22:2:46:Infinity":9,"f:22:12:22:18":4,"s:23:23:43:Infinity":10,"f:23:23:23:35":5,"b:24:6:29:Infinity:undefined:undefined:undefined:undefined":0,"s:24:6:29:Infinity":11,"b:25:8:27:Infinity:undefined:undefined:undefined:undefined":1,"s:25:8:27:Infinity":12,"s:26:10:26:Infinity":13,"s:28:8:28:Infinity":14,"s:31:33:31:Infinity":15,"b:33:6:36:Infinity:undefined:undefined:undefined:undefined":2,"s:33:6:36:Infinity":16,"s:34:8:34:Infinity":17,"s:35:8:35:Infinity":18,"s:38:19:38:Infinity":19,"b:39:6:42:Infinity:undefined:undefined:undefined:undefined":3,"s:39:6:42:Infinity":20,"b:39:10:39:19:39:19:39:53":4,"s:40:8:40:Infinity":21,"s:41:8:41:Infinity":22,"s:45:4:45:Infinity":23}}}
,"/mnt/c/Users/angel/Desktop/studi/universita/appunti/III anno/ingegneria del software/progetto/CodeGuardian/frontend/src/test/mock.ts": {"path":"/mnt/c/Users/angel/Desktop/studi/universita/appunti/III anno/ingegneria del software/progetto/CodeGuardian/frontend/src/test/mock.ts","statementMap":{"0":{"start":{"line":6,"column":39},"end":{"line":35,"column":null}},"1":{"start":{"line":38,"column":46},"end":{"line":43,"column":null}},"2":{"start":{"line":45,"column":46},"end":{"line":50,"column":null}},"3":{"start":{"line":53,"column":53},"end":{"line":93,"column":null}},"4":{"start":{"line":96,"column":52},"end":{"line":132,"column":null}}},"fnMap":{},"branchMap":{},"s":{"0":6,"1":6,"2":6,"3":6,"4":6},"f":{},"b":{},"meta":{"lastBranch":0,"lastFunction":0,"lastStatement":5,"seen":{"s:6:39:35:Infinity":0,"s:38:46:43:Infinity":1,"s:45:46:50:Infinity":2,"s:53:53:93:Infinity":3,"s:96:52:132:Infinity":4}}}
,"/mnt/c/Users/angel/Desktop/studi/universita/appunti/III anno/ingegneria del software/progetto/CodeGuardian/frontend/src/types/types.ts": {"path":"/mnt/c/Users/angel/Desktop/studi/universita/appunti/III anno/ingegneria del software/progetto/CodeGuardian/frontend/src/types/types.ts","statementMap":{"0":{"start":{"line":11,"column":7},"end":{"line":11,"column":null}},"1":{"start":{"line":12,"column":4},"end":{"line":12,"column":null}},"2":{"start":{"line":13,"column":4},"end":{"line":13,"column":null}},"3":{"start":{"line":14,"column":4},"end":{"line":14,"column":null}},"4":{"start":{"line":15,"column":4},"end":{"line":15,"column":null}},"5":{"start":{"line":11,"column":12},"end":{"line":11,"column":null}},"6":{"start":{"line":27,"column":7},"end":{"line":27,"column":null}},"7":{"start":{"line":28,"column":4},"end":{"line":28,"column":null}},"8":{"start":{"line":29,"column":4},"end":{"line":29,"column":null}},"9":{"start":{"line":30,"column":4},"end":{"line":30,"column":null}},"10":{"start":{"line":27,"column":12},"end":{"line":27,"column":null}}},"fnMap":{"0":{"name":"(anonymous_0)","decl":{"start":{"line":11,"column":7},"end":{"line":11,"column":12}},"loc":{"start":{"line":11,"column":7},"end":{"line":11,"column":null}},"line":11},"1":{"name":"(anonymous_1)","decl":{"start":{"line":27,"column":7},"end":{"line":27,"column":12}},"loc":{"start":{"line":27,"column":7},"end":{"line":27,"column":null}},"line":27}},"branchMap":{"0":{"loc":{"start":{"line":11,"column":12},"end":{"line":11,"column":null}},"type":"binary-expr","locations":[{"start":{"line":11,"column":12},"end":{"line":11,"column":null}},{"start":{"line":11,"column":12},"end":{"line":11,"column":null}}],"line":11},"1":{"loc":{"start":{"line":27,"column":12},"end":{"line":27,"column":null}},"type":"binary-expr","locations":[{"start":{"line":27,"column":12},"end":{"line":27,"column":null}},{"start":{"line":27,"column":12},"end":{"line":27,"column":null}}],"line":27}},"s":{"0":6,"1":6,"2":6,"3":6,"4":6,"5":6,"6":6,"7":6,"8":6,"9":6,"10":6},"f":{"0":6,"1":6},"b":{"0":[6,6],"1":[6,6]},"meta":{"lastBranch":2,"lastFunction":2,"lastStatement":11,"seen":{"s:11:7:11:Infinity":0,"f:11:7:11:12":0,"s:12:4:12:Infinity":1,"s:13:4:13:Infinity":2,"s:14:4:14:Infinity":3,"s:15:4:15:Infinity":4,"s:11:12:11:Infinity":5,"b:11:12:11:Infinity:11:12:11:Infinity":0,"s:27:7:27:Infinity":6,"f:27:7:27:12":1,"s:28:4:28:Infinity":7,"s:29:4:29:Infinity":8,"s:30:4:30:Infinity":9,"s:27:12:27:Infinity":10,"b:27:12:27:Infinity:27:12:27:Infinity":1}}}
}
